<?xml version="1.0" encoding="UTF-8"?>
<!-- Generated by org.testng.reporters.JUnitXMLReporter -->
<testsuite ignored="0" hostname="Govi-PC" failures="0" tests="6" name="Default test" time="653.902" errors="0" timestamp="2024-12-11T23:09:58 IST">
  <testcase classname="TestBase.BaseTest" name="@BeforeClass Setup" time="-1.733938144234E9">
    <failure type="org.testng.TestNGException" message="
Parameter &amp;apos;os&amp;apos; is required by BeforeClass on method Setup but has not been marked @Optional or defined
in C:\Users\asus\AppData\Local\Temp\testng-eclipse--540322742\testng-customsuite.xml">
      <![CDATA[org.testng.TestNGException: 
Parameter 'os' is required by BeforeClass on method Setup but has not been marked @Optional or defined
in C:\Users\asus\AppData\Local\Temp\testng-eclipse--540322742\testng-customsuite.xml
at org.testng.internal.Parameters.createParams(Parameters.java:267)
at org.testng.internal.Parameters.createParametersForMethod(Parameters.java:355)
at org.testng.internal.Parameters.createParameters(Parameters.java:684)
at org.testng.internal.Parameters.createConfigurationParameters(Parameters.java:166)
at org.testng.internal.invokers.ConfigInvoker.invokeConfigurations(ConfigInvoker.java:306)
at org.testng.internal.invokers.TestMethodWorker.invokeBeforeClassMethods(TestMethodWorker.java:180)
at org.testng.internal.invokers.TestMethodWorker.run(TestMethodWorker.java:122)
at java.base/java.util.ArrayList.forEach(ArrayList.java:1597)
at org.testng.TestRunner.privateRun(TestRunner.java:848)
at org.testng.TestRunner.run(TestRunner.java:621)
at org.testng.SuiteRunner.runTest(SuiteRunner.java:443)
at org.testng.SuiteRunner.runSequentially(SuiteRunner.java:437)
at org.testng.SuiteRunner.privateRun(SuiteRunner.java:397)
at org.testng.SuiteRunner.run(SuiteRunner.java:336)
at org.testng.SuiteRunnerWorker.runSuite(SuiteRunnerWorker.java:52)
at org.testng.SuiteRunnerWorker.run(SuiteRunnerWorker.java:95)
at org.testng.TestNG.runSuitesSequentially(TestNG.java:1280)
at org.testng.TestNG.runSuitesLocally(TestNG.java:1200)
at org.testng.TestNG.runSuites(TestNG.java:1114)
at org.testng.TestNG.run(TestNG.java:1082)
at org.testng.remote.AbstractRemoteTestNG.run(AbstractRemoteTestNG.java:115)
at org.testng.remote.RemoteTestNG.initAndRun(RemoteTestNG.java:293)
at org.testng.remote.RemoteTestNG.main(RemoteTestNG.java:91)
]]>
    </failure>
  </testcase> <!-- @BeforeClass Setup -->
  <testcase classname="TestBase.BaseTest" name="@AfterClass tearDown" time="0.0">
    <skipped/>
  </testcase> <!-- @AfterClass tearDown -->
  <testcase classname="TestCases.TC_ST_002_VerifyWorkingofScheduleaTourfunctionality" name="TC_ST_002_Verify_that_link_of_Schedule_a_tour_is_clickable_on_the_header_of_site" time="0.005">
    <skipped/>
  </testcase> <!-- TC_ST_002_Verify_that_link_of_Schedule_a_tour_is_clickable_on_the_header_of_site -->
  <testcase classname="TestCases.TC_ST_002_VerifyWorkingofScheduleaTourfunctionality" name="TC_ST_003_Verify_that_any_of_the_tour_is_clickable" time="0.005">
    <skipped/>
  </testcase> <!-- TC_ST_003_Verify_that_any_of_the_tour_is_clickable -->
  <testcase classname="TestCases.TC_ST_002_VerifyWorkingofScheduleaTourfunctionality" name="TC_ST_004_Verify_that_next_button_is_clickable_on_the_popup" time="0.005">
    <skipped/>
  </testcase> <!-- TC_ST_004_Verify_that_next_button_is_clickable_on_the_popup -->
  <testcase classname="TestCases.TC_ST_002_VerifyWorkingofScheduleaTourfunctionality" name="TC_ST_008_Verify_that_date_is_clickable" time="0.004">
    <skipped/>
  </testcase> <!-- TC_ST_008_Verify_that_date_is_clickable -->
  <testcase classname="TestCases.TC_ST_002_VerifyWorkingofScheduleaTourfunctionality" name="TC_ST_018_Verify_that_time_slots_is_clickable" time="0.008">
    <skipped/>
  </testcase> <!-- TC_ST_018_Verify_that_time_slots_is_clickable -->
  <testcase classname="TestCases.TC_ST_002_VerifyWorkingofScheduleaTourfunctionality" name="TC_ST_020_Verfiy_that_next_button_is_clickable_if_user_has_clicked_on_the_time_slot" time="0.005">
    <skipped/>
  </testcase> <!-- TC_ST_020_Verfiy_that_next_button_is_clickable_if_user_has_clicked_on_the_time_slot -->
</testsuite> <!-- Default test -->
