<?xml version="1.0" encoding="UTF-8"?>
<!-- Generated by org.testng.reporters.JUnitXMLReporter -->
<testsuite ignored="0" hostname="Govi-PC" failures="1" tests="5" name="Testng" time="101.724" errors="0" timestamp="2024-12-14T01:37:37 IST">
  <testcase classname="TestCases.TS_013_VerifyworkingofTimerSlidingFormfunctionality" name="TC_TS_005_Verify_form_is_not_submitting_if_no_field_is_filled_by_user" time="9.927"/>
  <testcase classname="TestCases.TS_013_VerifyworkingofTimerSlidingFormfunctionality" name="TC_TS_006_Verify_form_is_not_submitting_if_mandatory_field_is_not_filled" time="19.365"/>
  <testcase classname="TestCases.TS_013_VerifyworkingofTimerSlidingFormfunctionality" name="TC_TS_007_Verify_Phone_field_is_accepting_only_valid_format" time="18.347"/>
  <testcase classname="TestCases.TS_013_VerifyworkingofTimerSlidingFormfunctionality" name="TC_TS_008_Verify_email_field_is_accepting_only_valid_format" time="16.635"/>
  <testcase classname="TestCases.TS_013_VerifyworkingofTimerSlidingFormfunctionality" name="TC_TS_009_Verify_user_is_able_to_fill_all_the_fields" time="21.133">
    <failure type="java.lang.AssertionError" message="expected [Thank you for choosing Arrive LEX!] but found [no such element: Unable to locate element: {&amp;quot;method&amp;quot;:&amp;quot;xpath&amp;quot;,&amp;quot;selector&amp;quot;:&amp;quot;//div[@id=&amp;quot;validation_message_5_16&amp;quot;]&amp;quot;}
  (Session info: chrome=131.0.6778.140)
For documentation on this error, please visit: https://www.selenium.dev/documentation/webdriver/troubleshooting/errors#no-such-element-exception
Build info: version: &amp;apos;4.20.0&amp;apos;, revision: &amp;apos;866c76ca80&amp;apos;
System info: os.name: &amp;apos;Windows 10&amp;apos;, os.arch: &amp;apos;amd64&amp;apos;, os.version: &amp;apos;10.0&amp;apos;, java.version: &amp;apos;23.0.1&amp;apos;
Driver info: org.openqa.selenium.chrome.ChromeDriver
Command: [49eaf73251fd1c7af3677dbc4c8d5582, findElement {using=xpath, value=//div[@id=&amp;quot;validation_message_5_16&amp;quot;]}]
Capabilities {acceptInsecureCerts: false, browserName: chrome, browserVersion: 131.0.6778.140, chrome: {chromedriverVersion: 131.0.6778.108 (3b014839fbc..., userDataDir: C:\Users\asus\AppData\Local...}, fedcm:accounts: true, goog:chromeOptions: {debuggerAddress: localhost:63292}, networkConnectionEnabled: false, pageLoadStrategy: normal, platformName: windows, proxy: Proxy(), se:cdp: ws://localhost:63292/devtoo..., se:cdpVersion: 131.0.6778.140, setWindowRect: true, strictFileInteractability: false, timeouts: {implicit: 0, pageLoad: 300000, script: 30000}, unhandledPromptBehavior: dismiss and notify, webauthn:extension:credBlob: true, webauthn:extension:largeBlob: true, webauthn:extension:minPinLength: true, webauthn:extension:prf: true, webauthn:virtualAuthenticators: true}
Session ID: 49eaf73251fd1c7af3677dbc4c8d5582]">
      <![CDATA[java.lang.AssertionError: expected [Thank you for choosing Arrive LEX!] but found [no such element: Unable to locate element: {"method":"xpath","selector":"//div[@id="validation_message_5_16"]"}
  (Session info: chrome=131.0.6778.140)
For documentation on this error, please visit: https://www.selenium.dev/documentation/webdriver/troubleshooting/errors#no-such-element-exception
Build info: version: '4.20.0', revision: '866c76ca80'
System info: os.name: 'Windows 10', os.arch: 'amd64', os.version: '10.0', java.version: '23.0.1'
Driver info: org.openqa.selenium.chrome.ChromeDriver
Command: [49eaf73251fd1c7af3677dbc4c8d5582, findElement {using=xpath, value=//div[@id="validation_message_5_16"]}]
Capabilities {acceptInsecureCerts: false, browserName: chrome, browserVersion: 131.0.6778.140, chrome: {chromedriverVersion: 131.0.6778.108 (3b014839fbc..., userDataDir: C:\Users\asus\AppData\Local...}, fedcm:accounts: true, goog:chromeOptions: {debuggerAddress: localhost:63292}, networkConnectionEnabled: false, pageLoadStrategy: normal, platformName: windows, proxy: Proxy(), se:cdp: ws://localhost:63292/devtoo..., se:cdpVersion: 131.0.6778.140, setWindowRect: true, strictFileInteractability: false, timeouts: {implicit: 0, pageLoad: 300000, script: 30000}, unhandledPromptBehavior: dismiss and notify, webauthn:extension:credBlob: true, webauthn:extension:largeBlob: true, webauthn:extension:minPinLength: true, webauthn:extension:prf: true, webauthn:virtualAuthenticators: true}
Session ID: 49eaf73251fd1c7af3677dbc4c8d5582]
at TestCases.TS_013_VerifyworkingofTimerSlidingFormfunctionality.TC_TS_009_Verify_user_is_able_to_fill_all_the_fields(TS_013_VerifyworkingofTimerSlidingFormfunctionality.java:168)
at java.base/java.util.ArrayList.forEach(ArrayList.java:1597)
... Removed 31 stack frames]]>
    </failure>
  </testcase> <!-- TC_TS_009_Verify_user_is_able_to_fill_all_the_fields -->
</testsuite> <!-- Testng -->
